<?xml version="1.0" encoding="UTF-8"?>
<robot generator="Robot 4.0.2 (Python 3.9.5 on darwin)" generated="20210615 18:33:07.241" rpa="false" schemaversion="2">
<suite id="s1" name="Tests" source="/Users/Tanvi/Flasky/demo_app/tests">
<suite id="s1-s1" name="Test Invalid Login" source="/Users/Tanvi/Flasky/demo_app/tests/test_invalid_login.robot">
<kw name="Open Browser To Index Page" library="resource" type="SETUP">
<kw name="Open Browser" library="SeleniumLibrary">
<arg>${INDEX URL}</arg>
<arg>${BROWSER}</arg>
<doc>Opens a new browser instance to the optional ``url``.</doc>
<msg timestamp="20210615 18:33:07.513" level="INFO">Opening browser 'Chrome' to base url 'http://0.0.0.0:8080/'.</msg>
<status status="PASS" starttime="20210615 18:33:07.513" endtime="20210615 18:33:11.762"/>
</kw>
<kw name="Maximize Browser Window" library="SeleniumLibrary">
<doc>Maximizes current browser window.</doc>
<status status="PASS" starttime="20210615 18:33:11.763" endtime="20210615 18:33:11.914"/>
</kw>
<kw name="Set Selenium Speed" library="SeleniumLibrary">
<arg>${DELAY}</arg>
<doc>Sets the delay that is waited after each Selenium command.</doc>
<status status="PASS" starttime="20210615 18:33:11.914" endtime="20210615 18:33:11.915"/>
</kw>
<kw name="Index Page Should Be Open" library="resource">
<kw name="Location Should Be" library="SeleniumLibrary">
<arg>${INDEX URL}</arg>
<doc>Verifies that the current URL is exactly ``url``.</doc>
<msg timestamp="20210615 18:33:11.922" level="INFO">Current location is 'http://0.0.0.0:8080/'.</msg>
<status status="PASS" starttime="20210615 18:33:11.916" endtime="20210615 18:33:11.922"/>
</kw>
<kw name="Title Should Be" library="SeleniumLibrary">
<arg>index page - Demo App</arg>
<doc>Verifies that the current page title equals ``title``.</doc>
<msg timestamp="20210615 18:33:11.929" level="INFO">Page title is 'index page - Demo App'.</msg>
<status status="PASS" starttime="20210615 18:33:11.922" endtime="20210615 18:33:11.929"/>
</kw>
<status status="PASS" starttime="20210615 18:33:11.915" endtime="20210615 18:33:11.929"/>
</kw>
<status status="PASS" starttime="20210615 18:33:07.513" endtime="20210615 18:33:11.930"/>
</kw>
<test id="s1-s1-t1" name="Invalid Username">
<kw name="Go To Login Page" library="resource" type="SETUP">
<kw name="Click Link" library="SeleniumLibrary">
<arg>Log In</arg>
<doc>Clicks a link identified by ``locator``.</doc>
<msg timestamp="20210615 18:33:11.934" level="INFO">Clicking link 'Log In'.</msg>
<status status="PASS" starttime="20210615 18:33:11.933" endtime="20210615 18:33:12.169"/>
</kw>
<kw name="Login Page Should Be Open" library="resource">
<kw name="Title Should Be" library="SeleniumLibrary">
<arg>Log In - Demo App</arg>
<doc>Verifies that the current page title equals ``title``.</doc>
<msg timestamp="20210615 18:33:12.176" level="INFO">Page title is 'Log In - Demo App'.</msg>
<status status="PASS" starttime="20210615 18:33:12.170" endtime="20210615 18:33:12.176"/>
</kw>
<status status="PASS" starttime="20210615 18:33:12.169" endtime="20210615 18:33:12.177"/>
</kw>
<status status="PASS" starttime="20210615 18:33:11.932" endtime="20210615 18:33:12.177"/>
</kw>
<kw name="Login With Invalid Credentials Should Fail">
<arg>invalid</arg>
<arg>${VALID PASSWORD}</arg>
<kw name="Input Username" library="resource">
<arg>${username}</arg>
<kw name="Input Text" library="SeleniumLibrary">
<arg>username</arg>
<arg>${username}</arg>
<doc>Types the given ``text`` into the text field identified by ``locator``.</doc>
<msg timestamp="20210615 18:33:12.179" level="INFO">Typing text 'invalid' into text field 'username'.</msg>
<status status="PASS" starttime="20210615 18:33:12.178" endtime="20210615 18:33:12.415"/>
</kw>
<status status="PASS" starttime="20210615 18:33:12.178" endtime="20210615 18:33:12.415"/>
</kw>
<kw name="Input Password" library="resource">
<arg>${password}</arg>
<kw name="Input Text" library="SeleniumLibrary">
<arg>password</arg>
<arg>${password_field}</arg>
<doc>Types the given ``text`` into the text field identified by ``locator``.</doc>
<msg timestamp="20210615 18:33:12.416" level="INFO">Typing text 'a' into text field 'password'.</msg>
<status status="PASS" starttime="20210615 18:33:12.416" endtime="20210615 18:33:12.498"/>
</kw>
<status status="PASS" starttime="20210615 18:33:12.416" endtime="20210615 18:33:12.498"/>
</kw>
<kw name="Submit Credentials on login page" library="resource">
<kw name="Click Button" library="SeleniumLibrary">
<arg>Log In</arg>
<doc>Clicks the button identified by ``locator``.</doc>
<msg timestamp="20210615 18:33:12.499" level="INFO">Clicking button 'Log In'.</msg>
<status status="PASS" starttime="20210615 18:33:12.499" endtime="20210615 18:33:12.618"/>
</kw>
<status status="PASS" starttime="20210615 18:33:12.499" endtime="20210615 18:33:12.618"/>
</kw>
<kw name="Login Should Have Failed">
<kw name="Location Should Be" library="SeleniumLibrary">
<arg>${ERROR URL}</arg>
<doc>Verifies that the current URL is exactly ``url``.</doc>
<msg timestamp="20210615 18:33:12.632" level="INFO">Current location is 'http://0.0.0.0:8080/error'.</msg>
<status status="PASS" starttime="20210615 18:33:12.619" endtime="20210615 18:33:12.633"/>
</kw>
<kw name="Title Should Be" library="SeleniumLibrary">
<arg>Login Failure - Demo App</arg>
<doc>Verifies that the current page title equals ``title``.</doc>
<msg timestamp="20210615 18:33:12.641" level="INFO">Page title is 'Login Failure - Demo App'.</msg>
<status status="PASS" starttime="20210615 18:33:12.633" endtime="20210615 18:33:12.641"/>
</kw>
<status status="PASS" starttime="20210615 18:33:12.619" endtime="20210615 18:33:12.642"/>
</kw>
<kw name="Element Text Should Be" library="SeleniumLibrary">
<arg>xpath=/html/body/section/header/h1</arg>
<arg>Login Failure</arg>
<doc>Verifies that element ``locator`` contains exact the text ``expected``.</doc>
<msg timestamp="20210615 18:33:12.643" level="INFO">Verifying element 'xpath=/html/body/section/header/h1' contains exact text 'Login Failure'.</msg>
<status status="PASS" starttime="20210615 18:33:12.642" endtime="20210615 18:33:12.671"/>
</kw>
<kw name="Element Text Should Be" library="SeleniumLibrary">
<arg>xpath=/html/body/section/p[1]</arg>
<arg>You provided incorrect login details</arg>
<doc>Verifies that element ``locator`` contains exact the text ``expected``.</doc>
<msg timestamp="20210615 18:33:12.671" level="INFO">Verifying element 'xpath=/html/body/section/p[1]' contains exact text 'You provided incorrect login details'.</msg>
<status status="PASS" starttime="20210615 18:33:12.671" endtime="20210615 18:33:12.696"/>
</kw>
<status status="PASS" starttime="20210615 18:33:12.177" endtime="20210615 18:33:12.696"/>
</kw>
<status status="PASS" starttime="20210615 18:33:11.930" endtime="20210615 18:33:12.697"/>
</test>
<test id="s1-s1-t2" name="Invalid Password">
<kw name="Go To Login Page" library="resource" type="SETUP">
<kw name="Click Link" library="SeleniumLibrary">
<arg>Log In</arg>
<doc>Clicks a link identified by ``locator``.</doc>
<msg timestamp="20210615 18:33:12.699" level="INFO">Clicking link 'Log In'.</msg>
<status status="PASS" starttime="20210615 18:33:12.699" endtime="20210615 18:33:12.821"/>
</kw>
<kw name="Login Page Should Be Open" library="resource">
<kw name="Title Should Be" library="SeleniumLibrary">
<arg>Log In - Demo App</arg>
<doc>Verifies that the current page title equals ``title``.</doc>
<msg timestamp="20210615 18:33:12.836" level="INFO">Page title is 'Log In - Demo App'.</msg>
<status status="PASS" starttime="20210615 18:33:12.823" endtime="20210615 18:33:12.836"/>
</kw>
<status status="PASS" starttime="20210615 18:33:12.821" endtime="20210615 18:33:12.837"/>
</kw>
<status status="PASS" starttime="20210615 18:33:12.698" endtime="20210615 18:33:12.837"/>
</kw>
<kw name="Login With Invalid Credentials Should Fail">
<arg>${VALID USER}</arg>
<arg>invalid</arg>
<kw name="Input Username" library="resource">
<arg>${username}</arg>
<kw name="Input Text" library="SeleniumLibrary">
<arg>username</arg>
<arg>${username}</arg>
<doc>Types the given ``text`` into the text field identified by ``locator``.</doc>
<msg timestamp="20210615 18:33:12.839" level="INFO">Typing text '1234' into text field 'username'.</msg>
<status status="PASS" starttime="20210615 18:33:12.838" endtime="20210615 18:33:12.931"/>
</kw>
<status status="PASS" starttime="20210615 18:33:12.838" endtime="20210615 18:33:12.932"/>
</kw>
<kw name="Input Password" library="resource">
<arg>${password}</arg>
<kw name="Input Text" library="SeleniumLibrary">
<arg>password</arg>
<arg>${password_field}</arg>
<doc>Types the given ``text`` into the text field identified by ``locator``.</doc>
<msg timestamp="20210615 18:33:12.934" level="INFO">Typing text 'invalid' into text field 'password'.</msg>
<status status="PASS" starttime="20210615 18:33:12.933" endtime="20210615 18:33:13.049"/>
</kw>
<status status="PASS" starttime="20210615 18:33:12.933" endtime="20210615 18:33:13.049"/>
</kw>
<kw name="Submit Credentials on login page" library="resource">
<kw name="Click Button" library="SeleniumLibrary">
<arg>Log In</arg>
<doc>Clicks the button identified by ``locator``.</doc>
<msg timestamp="20210615 18:33:13.050" level="INFO">Clicking button 'Log In'.</msg>
<status status="PASS" starttime="20210615 18:33:13.050" endtime="20210615 18:33:13.148"/>
</kw>
<status status="PASS" starttime="20210615 18:33:13.049" endtime="20210615 18:33:13.149"/>
</kw>
<kw name="Login Should Have Failed">
<kw name="Location Should Be" library="SeleniumLibrary">
<arg>${ERROR URL}</arg>
<doc>Verifies that the current URL is exactly ``url``.</doc>
<msg timestamp="20210615 18:33:13.159" level="INFO">Current location is 'http://0.0.0.0:8080/error'.</msg>
<status status="PASS" starttime="20210615 18:33:13.150" endtime="20210615 18:33:13.159"/>
</kw>
<kw name="Title Should Be" library="SeleniumLibrary">
<arg>Login Failure - Demo App</arg>
<doc>Verifies that the current page title equals ``title``.</doc>
<msg timestamp="20210615 18:33:13.166" level="INFO">Page title is 'Login Failure - Demo App'.</msg>
<status status="PASS" starttime="20210615 18:33:13.159" endtime="20210615 18:33:13.166"/>
</kw>
<status status="PASS" starttime="20210615 18:33:13.149" endtime="20210615 18:33:13.166"/>
</kw>
<kw name="Element Text Should Be" library="SeleniumLibrary">
<arg>xpath=/html/body/section/header/h1</arg>
<arg>Login Failure</arg>
<doc>Verifies that element ``locator`` contains exact the text ``expected``.</doc>
<msg timestamp="20210615 18:33:13.167" level="INFO">Verifying element 'xpath=/html/body/section/header/h1' contains exact text 'Login Failure'.</msg>
<status status="PASS" starttime="20210615 18:33:13.166" endtime="20210615 18:33:13.186"/>
</kw>
<kw name="Element Text Should Be" library="SeleniumLibrary">
<arg>xpath=/html/body/section/p[1]</arg>
<arg>You provided incorrect login details</arg>
<doc>Verifies that element ``locator`` contains exact the text ``expected``.</doc>
<msg timestamp="20210615 18:33:13.187" level="INFO">Verifying element 'xpath=/html/body/section/p[1]' contains exact text 'You provided incorrect login details'.</msg>
<status status="PASS" starttime="20210615 18:33:13.186" endtime="20210615 18:33:13.204"/>
</kw>
<status status="PASS" starttime="20210615 18:33:12.837" endtime="20210615 18:33:13.204"/>
</kw>
<status status="PASS" starttime="20210615 18:33:12.698" endtime="20210615 18:33:13.204"/>
</test>
<test id="s1-s1-t3" name="Invalid Username And Password">
<kw name="Go To Login Page" library="resource" type="SETUP">
<kw name="Click Link" library="SeleniumLibrary">
<arg>Log In</arg>
<doc>Clicks a link identified by ``locator``.</doc>
<msg timestamp="20210615 18:33:13.208" level="INFO">Clicking link 'Log In'.</msg>
<status status="PASS" starttime="20210615 18:33:13.207" endtime="20210615 18:33:13.296"/>
</kw>
<kw name="Login Page Should Be Open" library="resource">
<kw name="Title Should Be" library="SeleniumLibrary">
<arg>Log In - Demo App</arg>
<doc>Verifies that the current page title equals ``title``.</doc>
<msg timestamp="20210615 18:33:13.314" level="INFO">Page title is 'Log In - Demo App'.</msg>
<status status="PASS" starttime="20210615 18:33:13.298" endtime="20210615 18:33:13.315"/>
</kw>
<status status="PASS" starttime="20210615 18:33:13.297" endtime="20210615 18:33:13.317"/>
</kw>
<status status="PASS" starttime="20210615 18:33:13.206" endtime="20210615 18:33:13.317"/>
</kw>
<kw name="Login With Invalid Credentials Should Fail">
<arg>invalid</arg>
<arg>whatever</arg>
<kw name="Input Username" library="resource">
<arg>${username}</arg>
<kw name="Input Text" library="SeleniumLibrary">
<arg>username</arg>
<arg>${username}</arg>
<doc>Types the given ``text`` into the text field identified by ``locator``.</doc>
<msg timestamp="20210615 18:33:13.322" level="INFO">Typing text 'invalid' into text field 'username'.</msg>
<status status="PASS" starttime="20210615 18:33:13.320" endtime="20210615 18:33:13.414"/>
</kw>
<status status="PASS" starttime="20210615 18:33:13.319" endtime="20210615 18:33:13.415"/>
</kw>
<kw name="Input Password" library="resource">
<arg>${password}</arg>
<kw name="Input Text" library="SeleniumLibrary">
<arg>password</arg>
<arg>${password_field}</arg>
<doc>Types the given ``text`` into the text field identified by ``locator``.</doc>
<msg timestamp="20210615 18:33:13.417" level="INFO">Typing text 'whatever' into text field 'password'.</msg>
<status status="PASS" starttime="20210615 18:33:13.417" endtime="20210615 18:33:13.527"/>
</kw>
<status status="PASS" starttime="20210615 18:33:13.416" endtime="20210615 18:33:13.527"/>
</kw>
<kw name="Submit Credentials on login page" library="resource">
<kw name="Click Button" library="SeleniumLibrary">
<arg>Log In</arg>
<doc>Clicks the button identified by ``locator``.</doc>
<msg timestamp="20210615 18:33:13.528" level="INFO">Clicking button 'Log In'.</msg>
<status status="PASS" starttime="20210615 18:33:13.527" endtime="20210615 18:33:13.649"/>
</kw>
<status status="PASS" starttime="20210615 18:33:13.527" endtime="20210615 18:33:13.649"/>
</kw>
<kw name="Login Should Have Failed">
<kw name="Location Should Be" library="SeleniumLibrary">
<arg>${ERROR URL}</arg>
<doc>Verifies that the current URL is exactly ``url``.</doc>
<msg timestamp="20210615 18:33:13.654" level="INFO">Current location is 'http://0.0.0.0:8080/error'.</msg>
<status status="PASS" starttime="20210615 18:33:13.650" endtime="20210615 18:33:13.654"/>
</kw>
<kw name="Title Should Be" library="SeleniumLibrary">
<arg>Login Failure - Demo App</arg>
<doc>Verifies that the current page title equals ``title``.</doc>
<msg timestamp="20210615 18:33:13.658" level="INFO">Page title is 'Login Failure - Demo App'.</msg>
<status status="PASS" starttime="20210615 18:33:13.654" endtime="20210615 18:33:13.658"/>
</kw>
<status status="PASS" starttime="20210615 18:33:13.650" endtime="20210615 18:33:13.658"/>
</kw>
<kw name="Element Text Should Be" library="SeleniumLibrary">
<arg>xpath=/html/body/section/header/h1</arg>
<arg>Login Failure</arg>
<doc>Verifies that element ``locator`` contains exact the text ``expected``.</doc>
<msg timestamp="20210615 18:33:13.659" level="INFO">Verifying element 'xpath=/html/body/section/header/h1' contains exact text 'Login Failure'.</msg>
<status status="PASS" starttime="20210615 18:33:13.659" endtime="20210615 18:33:13.675"/>
</kw>
<kw name="Element Text Should Be" library="SeleniumLibrary">
<arg>xpath=/html/body/section/p[1]</arg>
<arg>You provided incorrect login details</arg>
<doc>Verifies that element ``locator`` contains exact the text ``expected``.</doc>
<msg timestamp="20210615 18:33:13.676" level="INFO">Verifying element 'xpath=/html/body/section/p[1]' contains exact text 'You provided incorrect login details'.</msg>
<status status="PASS" starttime="20210615 18:33:13.676" endtime="20210615 18:33:13.691"/>
</kw>
<status status="PASS" starttime="20210615 18:33:13.318" endtime="20210615 18:33:13.691"/>
</kw>
<status status="PASS" starttime="20210615 18:33:13.205" endtime="20210615 18:33:13.692"/>
</test>
<kw name="Close Browser" library="SeleniumLibrary" type="TEARDOWN">
<doc>Closes the current browser.</doc>
<status status="PASS" starttime="20210615 18:33:13.693" endtime="20210615 18:33:13.839"/>
</kw>
<doc>A test suite containing tests related to invalid login.

These tests are data-driven by their nature. They use a single
keyword, specified with Test Template setting, that is called
with different arguments to cover different scenarios.

This suite also demonstrates using setups and teardowns in
different levels.</doc>
<status status="PASS" starttime="20210615 18:33:07.270" endtime="20210615 18:33:13.839"/>
</suite>
<suite id="s1-s2" name="Test Login" source="/Users/Tanvi/Flasky/demo_app/tests/test_login.robot">
<test id="s1-s2-t1" name="Valid Registration">
<kw name="Navigate to Register page" library="resource">
<kw name="Open Browser To Index Page" library="resource">
<kw name="Open Browser" library="SeleniumLibrary">
<arg>${INDEX URL}</arg>
<arg>${BROWSER}</arg>
<doc>Opens a new browser instance to the optional ``url``.</doc>
<msg timestamp="20210615 18:33:13.858" level="INFO">Opening browser 'Chrome' to base url 'http://0.0.0.0:8080/'.</msg>
<status status="PASS" starttime="20210615 18:33:13.856" endtime="20210615 18:33:16.728"/>
</kw>
<kw name="Maximize Browser Window" library="SeleniumLibrary">
<doc>Maximizes current browser window.</doc>
<status status="PASS" starttime="20210615 18:33:16.729" endtime="20210615 18:33:16.879"/>
</kw>
<kw name="Set Selenium Speed" library="SeleniumLibrary">
<arg>${DELAY}</arg>
<doc>Sets the delay that is waited after each Selenium command.</doc>
<status status="PASS" starttime="20210615 18:33:16.879" endtime="20210615 18:33:16.880"/>
</kw>
<kw name="Index Page Should Be Open" library="resource">
<kw name="Location Should Be" library="SeleniumLibrary">
<arg>${INDEX URL}</arg>
<doc>Verifies that the current URL is exactly ``url``.</doc>
<msg timestamp="20210615 18:33:16.888" level="INFO">Current location is 'http://0.0.0.0:8080/'.</msg>
<status status="PASS" starttime="20210615 18:33:16.881" endtime="20210615 18:33:16.888"/>
</kw>
<kw name="Title Should Be" library="SeleniumLibrary">
<arg>index page - Demo App</arg>
<doc>Verifies that the current page title equals ``title``.</doc>
<msg timestamp="20210615 18:33:16.895" level="INFO">Page title is 'index page - Demo App'.</msg>
<status status="PASS" starttime="20210615 18:33:16.888" endtime="20210615 18:33:16.896"/>
</kw>
<status status="PASS" starttime="20210615 18:33:16.880" endtime="20210615 18:33:16.896"/>
</kw>
<status status="PASS" starttime="20210615 18:33:13.855" endtime="20210615 18:33:16.896"/>
</kw>
<kw name="Index Page Should Be Open" library="resource">
<kw name="Location Should Be" library="SeleniumLibrary">
<arg>${INDEX URL}</arg>
<doc>Verifies that the current URL is exactly ``url``.</doc>
<msg timestamp="20210615 18:33:16.906" level="INFO">Current location is 'http://0.0.0.0:8080/'.</msg>
<status status="PASS" starttime="20210615 18:33:16.897" endtime="20210615 18:33:16.906"/>
</kw>
<kw name="Title Should Be" library="SeleniumLibrary">
<arg>index page - Demo App</arg>
<doc>Verifies that the current page title equals ``title``.</doc>
<msg timestamp="20210615 18:33:16.914" level="INFO">Page title is 'index page - Demo App'.</msg>
<status status="PASS" starttime="20210615 18:33:16.906" endtime="20210615 18:33:16.914"/>
</kw>
<status status="PASS" starttime="20210615 18:33:16.896" endtime="20210615 18:33:16.915"/>
</kw>
<kw name="Press the link to register" library="resource">
<kw name="Click Link" library="SeleniumLibrary">
<arg>Register</arg>
<doc>Clicks a link identified by ``locator``.</doc>
<msg timestamp="20210615 18:33:16.915" level="INFO">Clicking link 'Register'.</msg>
<status status="PASS" starttime="20210615 18:33:16.915" endtime="20210615 18:33:17.051"/>
</kw>
<status status="PASS" starttime="20210615 18:33:16.915" endtime="20210615 18:33:17.051"/>
</kw>
<kw name="Register Page Should Be Open" library="resource">
<kw name="Title Should Be" library="SeleniumLibrary">
<arg>Register - Demo App</arg>
<doc>Verifies that the current page title equals ``title``.</doc>
<msg timestamp="20210615 18:33:17.055" level="INFO">Page title is 'Register - Demo App'.</msg>
<status status="PASS" starttime="20210615 18:33:17.051" endtime="20210615 18:33:17.056"/>
</kw>
<status status="PASS" starttime="20210615 18:33:17.051" endtime="20210615 18:33:17.056"/>
</kw>
<status status="PASS" starttime="20210615 18:33:13.855" endtime="20210615 18:33:17.056"/>
</kw>
<kw name="Input Username" library="resource">
<arg>12358</arg>
<kw name="Input Text" library="SeleniumLibrary">
<arg>username</arg>
<arg>${username}</arg>
<doc>Types the given ``text`` into the text field identified by ``locator``.</doc>
<msg timestamp="20210615 18:33:17.057" level="INFO">Typing text '12358' into text field 'username'.</msg>
<status status="PASS" starttime="20210615 18:33:17.057" endtime="20210615 18:33:17.242"/>
</kw>
<status status="PASS" starttime="20210615 18:33:17.056" endtime="20210615 18:33:17.242"/>
</kw>
<kw name="Input Password" library="resource">
<arg>abcde</arg>
<kw name="Input Text" library="SeleniumLibrary">
<arg>password</arg>
<arg>${password_field}</arg>
<doc>Types the given ``text`` into the text field identified by ``locator``.</doc>
<msg timestamp="20210615 18:33:17.245" level="INFO">Typing text 'abcde' into text field 'password'.</msg>
<status status="PASS" starttime="20210615 18:33:17.244" endtime="20210615 18:33:17.335"/>
</kw>
<status status="PASS" starttime="20210615 18:33:17.243" endtime="20210615 18:33:17.335"/>
</kw>
<kw name="Input Firstname" library="resource">
<arg>XYZ1</arg>
<kw name="Input Text" library="SeleniumLibrary">
<arg>firstname</arg>
<arg>${firstname}</arg>
<doc>Types the given ``text`` into the text field identified by ``locator``.</doc>
<msg timestamp="20210615 18:33:17.336" level="INFO">Typing text 'XYZ1' into text field 'firstname'.</msg>
<status status="PASS" starttime="20210615 18:33:17.336" endtime="20210615 18:33:17.418"/>
</kw>
<status status="PASS" starttime="20210615 18:33:17.336" endtime="20210615 18:33:17.418"/>
</kw>
<kw name="Input lastname" library="resource">
<arg>ZYX2</arg>
<kw name="Input Text" library="SeleniumLibrary">
<arg>lastname</arg>
<arg>${lastname}</arg>
<doc>Types the given ``text`` into the text field identified by ``locator``.</doc>
<msg timestamp="20210615 18:33:17.419" level="INFO">Typing text 'ZYX2' into text field 'lastname'.</msg>
<status status="PASS" starttime="20210615 18:33:17.419" endtime="20210615 18:33:17.503"/>
</kw>
<status status="PASS" starttime="20210615 18:33:17.418" endtime="20210615 18:33:17.503"/>
</kw>
<kw name="Input phonenumber" library="resource">
<arg>987654</arg>
<kw name="Input Text" library="SeleniumLibrary">
<arg>phone</arg>
<arg>${phone}</arg>
<doc>Types the given ``text`` into the text field identified by ``locator``.</doc>
<msg timestamp="20210615 18:33:17.504" level="INFO">Typing text '987654' into text field 'phone'.</msg>
<status status="PASS" starttime="20210615 18:33:17.504" endtime="20210615 18:33:17.585"/>
</kw>
<status status="PASS" starttime="20210615 18:33:17.503" endtime="20210615 18:33:17.585"/>
</kw>
<kw name="Submit Credentials on register page" library="resource">
<kw name="Click Button" library="SeleniumLibrary">
<arg>Register</arg>
<doc>Clicks the button identified by ``locator``.</doc>
<msg timestamp="20210615 18:33:17.586" level="INFO">Clicking button 'Register'.</msg>
<status status="PASS" starttime="20210615 18:33:17.586" endtime="20210615 18:33:17.727"/>
</kw>
<status status="PASS" starttime="20210615 18:33:17.586" endtime="20210615 18:33:17.727"/>
</kw>
<kw name="Login Page Should Be Open" library="resource">
<kw name="Title Should Be" library="SeleniumLibrary">
<arg>Log In - Demo App</arg>
<doc>Verifies that the current page title equals ``title``.</doc>
<msg timestamp="20210615 18:33:17.739" level="INFO">Page title is 'Log In - Demo App'.</msg>
<status status="PASS" starttime="20210615 18:33:17.728" endtime="20210615 18:33:17.739"/>
</kw>
<status status="PASS" starttime="20210615 18:33:17.727" endtime="20210615 18:33:17.739"/>
</kw>
<kw name="Close Browser" library="SeleniumLibrary" type="TEARDOWN">
<doc>Closes the current browser.</doc>
<status status="PASS" starttime="20210615 18:33:17.740" endtime="20210615 18:33:17.885"/>
</kw>
<status status="PASS" starttime="20210615 18:33:13.854" endtime="20210615 18:33:17.885"/>
</test>
<test id="s1-s2-t2" name="Register an existing user">
<kw name="Navigate to Register page" library="resource">
<kw name="Open Browser To Index Page" library="resource">
<kw name="Open Browser" library="SeleniumLibrary">
<arg>${INDEX URL}</arg>
<arg>${BROWSER}</arg>
<doc>Opens a new browser instance to the optional ``url``.</doc>
<msg timestamp="20210615 18:33:17.895" level="INFO">Opening browser 'Chrome' to base url 'http://0.0.0.0:8080/'.</msg>
<status status="PASS" starttime="20210615 18:33:17.891" endtime="20210615 18:33:20.738"/>
</kw>
<kw name="Maximize Browser Window" library="SeleniumLibrary">
<doc>Maximizes current browser window.</doc>
<status status="PASS" starttime="20210615 18:33:20.739" endtime="20210615 18:33:20.903"/>
</kw>
<kw name="Set Selenium Speed" library="SeleniumLibrary">
<arg>${DELAY}</arg>
<doc>Sets the delay that is waited after each Selenium command.</doc>
<status status="PASS" starttime="20210615 18:33:20.904" endtime="20210615 18:33:20.904"/>
</kw>
<kw name="Index Page Should Be Open" library="resource">
<kw name="Location Should Be" library="SeleniumLibrary">
<arg>${INDEX URL}</arg>
<doc>Verifies that the current URL is exactly ``url``.</doc>
<msg timestamp="20210615 18:33:20.910" level="INFO">Current location is 'http://0.0.0.0:8080/'.</msg>
<status status="PASS" starttime="20210615 18:33:20.905" endtime="20210615 18:33:20.910"/>
</kw>
<kw name="Title Should Be" library="SeleniumLibrary">
<arg>index page - Demo App</arg>
<doc>Verifies that the current page title equals ``title``.</doc>
<msg timestamp="20210615 18:33:20.921" level="INFO">Page title is 'index page - Demo App'.</msg>
<status status="PASS" starttime="20210615 18:33:20.910" endtime="20210615 18:33:20.922"/>
</kw>
<status status="PASS" starttime="20210615 18:33:20.904" endtime="20210615 18:33:20.922"/>
</kw>
<status status="PASS" starttime="20210615 18:33:17.889" endtime="20210615 18:33:20.922"/>
</kw>
<kw name="Index Page Should Be Open" library="resource">
<kw name="Location Should Be" library="SeleniumLibrary">
<arg>${INDEX URL}</arg>
<doc>Verifies that the current URL is exactly ``url``.</doc>
<msg timestamp="20210615 18:33:20.934" level="INFO">Current location is 'http://0.0.0.0:8080/'.</msg>
<status status="PASS" starttime="20210615 18:33:20.923" endtime="20210615 18:33:20.934"/>
</kw>
<kw name="Title Should Be" library="SeleniumLibrary">
<arg>index page - Demo App</arg>
<doc>Verifies that the current page title equals ``title``.</doc>
<msg timestamp="20210615 18:33:20.940" level="INFO">Page title is 'index page - Demo App'.</msg>
<status status="PASS" starttime="20210615 18:33:20.934" endtime="20210615 18:33:20.940"/>
</kw>
<status status="PASS" starttime="20210615 18:33:20.922" endtime="20210615 18:33:20.940"/>
</kw>
<kw name="Press the link to register" library="resource">
<kw name="Click Link" library="SeleniumLibrary">
<arg>Register</arg>
<doc>Clicks a link identified by ``locator``.</doc>
<msg timestamp="20210615 18:33:20.941" level="INFO">Clicking link 'Register'.</msg>
<status status="PASS" starttime="20210615 18:33:20.941" endtime="20210615 18:33:21.099"/>
</kw>
<status status="PASS" starttime="20210615 18:33:20.940" endtime="20210615 18:33:21.099"/>
</kw>
<kw name="Register Page Should Be Open" library="resource">
<kw name="Title Should Be" library="SeleniumLibrary">
<arg>Register - Demo App</arg>
<doc>Verifies that the current page title equals ``title``.</doc>
<msg timestamp="20210615 18:33:21.106" level="INFO">Page title is 'Register - Demo App'.</msg>
<status status="PASS" starttime="20210615 18:33:21.100" endtime="20210615 18:33:21.106"/>
</kw>
<status status="PASS" starttime="20210615 18:33:21.100" endtime="20210615 18:33:21.106"/>
</kw>
<status status="PASS" starttime="20210615 18:33:17.888" endtime="20210615 18:33:21.106"/>
</kw>
<kw name="Input Username" library="resource">
<arg>12358</arg>
<kw name="Input Text" library="SeleniumLibrary">
<arg>username</arg>
<arg>${username}</arg>
<doc>Types the given ``text`` into the text field identified by ``locator``.</doc>
<msg timestamp="20210615 18:33:21.107" level="INFO">Typing text '12358' into text field 'username'.</msg>
<status status="PASS" starttime="20210615 18:33:21.107" endtime="20210615 18:33:21.289"/>
</kw>
<status status="PASS" starttime="20210615 18:33:21.106" endtime="20210615 18:33:21.289"/>
</kw>
<kw name="Input Password" library="resource">
<arg>abcde</arg>
<kw name="Input Text" library="SeleniumLibrary">
<arg>password</arg>
<arg>${password_field}</arg>
<doc>Types the given ``text`` into the text field identified by ``locator``.</doc>
<msg timestamp="20210615 18:33:21.290" level="INFO">Typing text 'abcde' into text field 'password'.</msg>
<status status="PASS" starttime="20210615 18:33:21.290" endtime="20210615 18:33:21.384"/>
</kw>
<status status="PASS" starttime="20210615 18:33:21.289" endtime="20210615 18:33:21.384"/>
</kw>
<kw name="Input Firstname" library="resource">
<arg>XYZ1</arg>
<kw name="Input Text" library="SeleniumLibrary">
<arg>firstname</arg>
<arg>${firstname}</arg>
<doc>Types the given ``text`` into the text field identified by ``locator``.</doc>
<msg timestamp="20210615 18:33:21.385" level="INFO">Typing text 'XYZ1' into text field 'firstname'.</msg>
<status status="PASS" starttime="20210615 18:33:21.385" endtime="20210615 18:33:21.471"/>
</kw>
<status status="PASS" starttime="20210615 18:33:21.384" endtime="20210615 18:33:21.471"/>
</kw>
<kw name="Input lastname" library="resource">
<arg>ZYX2</arg>
<kw name="Input Text" library="SeleniumLibrary">
<arg>lastname</arg>
<arg>${lastname}</arg>
<doc>Types the given ``text`` into the text field identified by ``locator``.</doc>
<msg timestamp="20210615 18:33:21.472" level="INFO">Typing text 'ZYX2' into text field 'lastname'.</msg>
<status status="PASS" starttime="20210615 18:33:21.472" endtime="20210615 18:33:21.554"/>
</kw>
<status status="PASS" starttime="20210615 18:33:21.471" endtime="20210615 18:33:21.554"/>
</kw>
<kw name="Input phonenumber" library="resource">
<arg>987654</arg>
<kw name="Input Text" library="SeleniumLibrary">
<arg>phone</arg>
<arg>${phone}</arg>
<doc>Types the given ``text`` into the text field identified by ``locator``.</doc>
<msg timestamp="20210615 18:33:21.555" level="INFO">Typing text '987654' into text field 'phone'.</msg>
<status status="PASS" starttime="20210615 18:33:21.555" endtime="20210615 18:33:21.635"/>
</kw>
<status status="PASS" starttime="20210615 18:33:21.554" endtime="20210615 18:33:21.635"/>
</kw>
<kw name="Submit Credentials on register page" library="resource">
<kw name="Click Button" library="SeleniumLibrary">
<arg>Register</arg>
<doc>Clicks the button identified by ``locator``.</doc>
<msg timestamp="20210615 18:33:21.636" level="INFO">Clicking button 'Register'.</msg>
<status status="PASS" starttime="20210615 18:33:21.635" endtime="20210615 18:33:21.723"/>
</kw>
<status status="PASS" starttime="20210615 18:33:21.635" endtime="20210615 18:33:21.723"/>
</kw>
<kw name="Register Page Should Be Open" library="resource">
<kw name="Title Should Be" library="SeleniumLibrary">
<arg>Register - Demo App</arg>
<doc>Verifies that the current page title equals ``title``.</doc>
<msg timestamp="20210615 18:33:21.736" level="INFO">Page title is 'Register - Demo App'.</msg>
<status status="PASS" starttime="20210615 18:33:21.724" endtime="20210615 18:33:21.736"/>
</kw>
<status status="PASS" starttime="20210615 18:33:21.724" endtime="20210615 18:33:21.736"/>
</kw>
<kw name="Element Should Contain" library="SeleniumLibrary">
<arg>//div[@class='flash']</arg>
<arg>is already registered.</arg>
<doc>Verifies that element ``locator`` contains text ``expected``.</doc>
<msg timestamp="20210615 18:33:21.769" level="INFO">Element '//div[@class='flash']' contains text 'is already registered.'.</msg>
<status status="PASS" starttime="20210615 18:33:21.737" endtime="20210615 18:33:21.770"/>
</kw>
<kw name="Close Browser" library="SeleniumLibrary" type="TEARDOWN">
<doc>Closes the current browser.</doc>
<status status="PASS" starttime="20210615 18:33:21.771" endtime="20210615 18:33:21.882"/>
</kw>
<status status="PASS" starttime="20210615 18:33:17.886" endtime="20210615 18:33:21.883"/>
</test>
<test id="s1-s2-t3" name="Valid Login">
<kw name="Navigate to Login page" library="resource">
<kw name="Open Browser To Index Page" library="resource">
<kw name="Open Browser" library="SeleniumLibrary">
<arg>${INDEX URL}</arg>
<arg>${BROWSER}</arg>
<doc>Opens a new browser instance to the optional ``url``.</doc>
<msg timestamp="20210615 18:33:21.889" level="INFO">Opening browser 'Chrome' to base url 'http://0.0.0.0:8080/'.</msg>
<status status="PASS" starttime="20210615 18:33:21.888" endtime="20210615 18:33:24.716"/>
</kw>
<kw name="Maximize Browser Window" library="SeleniumLibrary">
<doc>Maximizes current browser window.</doc>
<status status="PASS" starttime="20210615 18:33:24.717" endtime="20210615 18:33:24.877"/>
</kw>
<kw name="Set Selenium Speed" library="SeleniumLibrary">
<arg>${DELAY}</arg>
<doc>Sets the delay that is waited after each Selenium command.</doc>
<status status="PASS" starttime="20210615 18:33:24.877" endtime="20210615 18:33:24.878"/>
</kw>
<kw name="Index Page Should Be Open" library="resource">
<kw name="Location Should Be" library="SeleniumLibrary">
<arg>${INDEX URL}</arg>
<doc>Verifies that the current URL is exactly ``url``.</doc>
<msg timestamp="20210615 18:33:24.891" level="INFO">Current location is 'http://0.0.0.0:8080/'.</msg>
<status status="PASS" starttime="20210615 18:33:24.880" endtime="20210615 18:33:24.892"/>
</kw>
<kw name="Title Should Be" library="SeleniumLibrary">
<arg>index page - Demo App</arg>
<doc>Verifies that the current page title equals ``title``.</doc>
<msg timestamp="20210615 18:33:24.904" level="INFO">Page title is 'index page - Demo App'.</msg>
<status status="PASS" starttime="20210615 18:33:24.892" endtime="20210615 18:33:24.904"/>
</kw>
<status status="PASS" starttime="20210615 18:33:24.879" endtime="20210615 18:33:24.904"/>
</kw>
<status status="PASS" starttime="20210615 18:33:21.886" endtime="20210615 18:33:24.904"/>
</kw>
<kw name="Index Page Should Be Open" library="resource">
<kw name="Location Should Be" library="SeleniumLibrary">
<arg>${INDEX URL}</arg>
<doc>Verifies that the current URL is exactly ``url``.</doc>
<msg timestamp="20210615 18:33:24.908" level="INFO">Current location is 'http://0.0.0.0:8080/'.</msg>
<status status="PASS" starttime="20210615 18:33:24.905" endtime="20210615 18:33:24.908"/>
</kw>
<kw name="Title Should Be" library="SeleniumLibrary">
<arg>index page - Demo App</arg>
<doc>Verifies that the current page title equals ``title``.</doc>
<msg timestamp="20210615 18:33:24.917" level="INFO">Page title is 'index page - Demo App'.</msg>
<status status="PASS" starttime="20210615 18:33:24.909" endtime="20210615 18:33:24.917"/>
</kw>
<status status="PASS" starttime="20210615 18:33:24.904" endtime="20210615 18:33:24.917"/>
</kw>
<kw name="Press the link to login" library="resource">
<kw name="Click Link" library="SeleniumLibrary">
<arg>Log In</arg>
<doc>Clicks a link identified by ``locator``.</doc>
<msg timestamp="20210615 18:33:24.918" level="INFO">Clicking link 'Log In'.</msg>
<status status="PASS" starttime="20210615 18:33:24.917" endtime="20210615 18:33:25.067"/>
</kw>
<status status="PASS" starttime="20210615 18:33:24.917" endtime="20210615 18:33:25.068"/>
</kw>
<kw name="Login Page Should Be Open" library="resource">
<kw name="Title Should Be" library="SeleniumLibrary">
<arg>Log In - Demo App</arg>
<doc>Verifies that the current page title equals ``title``.</doc>
<msg timestamp="20210615 18:33:25.073" level="INFO">Page title is 'Log In - Demo App'.</msg>
<status status="PASS" starttime="20210615 18:33:25.069" endtime="20210615 18:33:25.073"/>
</kw>
<status status="PASS" starttime="20210615 18:33:25.068" endtime="20210615 18:33:25.074"/>
</kw>
<status status="PASS" starttime="20210615 18:33:21.885" endtime="20210615 18:33:25.074"/>
</kw>
<kw name="Input Username" library="resource">
<arg>12358</arg>
<kw name="Input Text" library="SeleniumLibrary">
<arg>username</arg>
<arg>${username}</arg>
<doc>Types the given ``text`` into the text field identified by ``locator``.</doc>
<msg timestamp="20210615 18:33:25.075" level="INFO">Typing text '12358' into text field 'username'.</msg>
<status status="PASS" starttime="20210615 18:33:25.075" endtime="20210615 18:33:25.244"/>
</kw>
<status status="PASS" starttime="20210615 18:33:25.074" endtime="20210615 18:33:25.244"/>
</kw>
<kw name="Input Password" library="resource">
<arg>abcde</arg>
<kw name="Input Text" library="SeleniumLibrary">
<arg>password</arg>
<arg>${password_field}</arg>
<doc>Types the given ``text`` into the text field identified by ``locator``.</doc>
<msg timestamp="20210615 18:33:25.246" level="INFO">Typing text 'abcde' into text field 'password'.</msg>
<status status="PASS" starttime="20210615 18:33:25.245" endtime="20210615 18:33:25.338"/>
</kw>
<status status="PASS" starttime="20210615 18:33:25.245" endtime="20210615 18:33:25.338"/>
</kw>
<kw name="Submit Credentials on login page" library="resource">
<kw name="Click Button" library="SeleniumLibrary">
<arg>Log In</arg>
<doc>Clicks the button identified by ``locator``.</doc>
<msg timestamp="20210615 18:33:25.339" level="INFO">Clicking button 'Log In'.</msg>
<status status="PASS" starttime="20210615 18:33:25.339" endtime="20210615 18:33:25.481"/>
</kw>
<status status="PASS" starttime="20210615 18:33:25.338" endtime="20210615 18:33:25.482"/>
</kw>
<kw name="User Page Should Be Open" library="resource">
<kw name="Location Should Be" library="SeleniumLibrary">
<arg>${USER URL}</arg>
<doc>Verifies that the current URL is exactly ``url``.</doc>
<msg timestamp="20210615 18:33:25.489" level="INFO">Current location is 'http://0.0.0.0:8080/user'.</msg>
<status status="PASS" starttime="20210615 18:33:25.483" endtime="20210615 18:33:25.489"/>
</kw>
<kw name="Title Should Be" library="SeleniumLibrary">
<arg>User Information - Demo App</arg>
<doc>Verifies that the current page title equals ``title``.</doc>
<msg timestamp="20210615 18:33:25.495" level="INFO">Page title is 'User Information - Demo App'.</msg>
<status status="PASS" starttime="20210615 18:33:25.490" endtime="20210615 18:33:25.496"/>
</kw>
<status status="PASS" starttime="20210615 18:33:25.482" endtime="20210615 18:33:25.496"/>
</kw>
<kw name="Close Browser" library="SeleniumLibrary" type="TEARDOWN">
<doc>Closes the current browser.</doc>
<status status="PASS" starttime="20210615 18:33:25.497" endtime="20210615 18:33:25.614"/>
</kw>
<status status="PASS" starttime="20210615 18:33:21.884" endtime="20210615 18:33:25.614"/>
</test>
<doc>A test suite with tests to validate registration

This test has a workflow that is created using keywords in
the imported resource file.</doc>
<status status="PASS" starttime="20210615 18:33:13.845" endtime="20210615 18:33:25.619"/>
</suite>
<status status="PASS" starttime="20210615 18:33:07.243" endtime="20210615 18:33:25.626"/>
</suite>
<statistics>
<total>
<stat pass="6" fail="0" skip="0">All Tests</stat>
</total>
<tag>
</tag>
<suite>
<stat pass="6" fail="0" skip="0" id="s1" name="Tests">Tests</stat>
<stat pass="3" fail="0" skip="0" id="s1-s1" name="Test Invalid Login">Tests.Test Invalid Login</stat>
<stat pass="3" fail="0" skip="0" id="s1-s2" name="Test Login">Tests.Test Login</stat>
</suite>
</statistics>
<errors>
</errors>
</robot>
